Change Component Footprint: Designator=R1 Old Footprint=AXIAL-0.3 - no silkscreen New Footprint=AXIAL-0.3
Change Component Footprint: Designator=R2 Old Footprint=AXIAL-0.3 - no silkscreen New Footprint=AXIAL-0.3
Change Component Footprint: Designator=R3 Old Footprint=AXIAL-0.3 - no silkscreen New Footprint=AXIAL-0.3
Change Component Footprint: Designator=R4 Old Footprint=AXIAL-0.3 - no silkscreen New Footprint=AXIAL-0.3
Change Component Footprint: Designator=R5 Old Footprint=AXIAL-0.3 - no silkscreen New Footprint=AXIAL-0.3
Change Component Footprint: Designator=R6 Old Footprint=AXIAL-0.3 - no silkscreen New Footprint=AXIAL-0.3
Change Component Footprint: Designator=R7 Old Footprint=AXIAL-0.3 - no silkscreen New Footprint=AXIAL-0.3
Change Component Footprint: Designator=R8 Old Footprint=AXIAL-0.3 - no silkscreen New Footprint=AXIAL-0.3
Change Component Footprint: Designator=R9 Old Footprint=AXIAL-0.3 - no silkscreen New Footprint=AXIAL-0.3
Change Component Footprint: Designator=R10 Old Footprint=AXIAL-0.3 - no silkscreen New Footprint=AXIAL-0.3
Change Component Footprint: Designator=R11 Old Footprint=AXIAL-0.3 - no silkscreen New Footprint=AXIAL-0.3
Change Component Footprint: Designator=R12 Old Footprint=AXIAL-0.3 - no silkscreen New Footprint=AXIAL-0.3
Change Component Footprint: Designator=R13 Old Footprint=AXIAL-0.3 - no silkscreen New Footprint=AXIAL-0.3
Change Component Footprint: Designator=R14 Old Footprint=AXIAL-0.3 - no silkscreen New Footprint=AXIAL-0.3
Change Component Footprint: Designator=R15 Old Footprint=AXIAL-0.3 - no silkscreen New Footprint=AXIAL-0.3
Change Component Footprint: Designator=R16 Old Footprint=AXIAL-0.3 - no silkscreen New Footprint=AXIAL-0.3
Change Component Footprint: Designator=R17 Old Footprint=AXIAL-0.3 - no silkscreen New Footprint=AXIAL-0.3
Change Component Footprint: Designator=R18 Old Footprint=AXIAL-0.3 - no silkscreen New Footprint=AXIAL-0.3
Change Component Footprint: Designator=C1 Old Footprint=CAPR5-4X5 - no silkscreen New Footprint=CAPR5-4X5
Change Component Footprint: Designator=C2 Old Footprint=CAPR5-4X5 - no silkscreen New Footprint=CAPR5-4X5
Change Component Footprint: Designator=C3 Old Footprint=CAPR5-4X5 - no silkscreen New Footprint=CAPR5-4X5
Change Component Footprint: Designator=C4 Old Footprint=CAPR5-4X5 - no silkscreen New Footprint=CAPR5-4X5
Change Component Footprint: Designator=C5 Old Footprint=CAPR5-4X5 - no silkscreen New Footprint=CAPR5-4X5
Change Component Footprint: Designator=C6 Old Footprint=CAPR5-4X5 - no silkscreen New Footprint=CAPR5-4X5
Change Component Footprint: Designator=C7 Old Footprint=CAPR5-4X5 - no silkscreen New Footprint=CAPR5-4X5
Change Component Footprint: Designator=C8 Old Footprint=CAPR5-4X5 - no silkscreen New Footprint=CAPR5-4X5
Change Component Footprint: Designator=J1 Old Footprint=HDR1X2 - no silkscreen New Footprint=HDR1X2
Change Component Footprint: Designator=J2 Old Footprint=HDR1X2 - no silkscreen New Footprint=HDR1X2
Change Component Footprint: Designator=J4 Old Footprint=HDR2X8 - no silkscreen New Footprint=HDR2X8
Change Component Footprint: Designator=J3 Old Footprint=HDR2X18 - no silkscreen New Footprint=HDR2X18
Change Component Footprint: Designator=D1 Old Footprint=LED-1 - no silkscreen New Footprint=LED-1
Change Component Footprint: Designator=D2 Old Footprint=LED-1 - no silkscreen New Footprint=LED-1
Change Component Footprint: Designator=D3 Old Footprint=LED-1 - no silkscreen New Footprint=LED-1
Change Component Footprint: Designator=D4 Old Footprint=LED-1 - no silkscreen New Footprint=LED-1
Change Component Footprint: Designator=D5 Old Footprint=LED-1 - no silkscreen New Footprint=LED-1
Change Component Footprint: Designator=D6 Old Footprint=LED-1 - no silkscreen New Footprint=LED-1
Change Component Footprint: Designator=D7 Old Footprint=LED-1 - no silkscreen New Footprint=LED-1
Change Component Footprint: Designator=D8 Old Footprint=LED-1 - no silkscreen New Footprint=LED-1
Change Component Footprint: Designator=D9 Old Footprint=LED-1 - no silkscreen New Footprint=LED-1
Change Component Footprint: Designator=D10 Old Footprint=LED-1 - no silkscreen New Footprint=LED-1
Change Component Footprint: Designator=U1 Old Footprint=TLE 5206-2 - no silkscreen New Footprint=TLE 5206-2
Change Component Footprint: Designator=U2 Old Footprint=TLE 5206-2 - no silkscreen New Footprint=TLE 5206-2
Change Component Footprint: Designator=U3 Old Footprint=TLE 5206-2 - no silkscreen New Footprint=TLE 5206-2
Change Component Footprint: Designator=U4 Old Footprint=TLE 5206-2 - no silkscreen New Footprint=TLE 5206-2
Change Component Footprint: Designator=U5 Old Footprint=TLE 5206-2 - no silkscreen New Footprint=TLE 5206-2
Change Component Footprint: Designator=U6 Old Footprint=TLE 5206-2 - no silkscreen New Footprint=TLE 5206-2
Change Component Footprint: Designator=U7 Old Footprint=TLE 5206-2 - no silkscreen New Footprint=TLE 5206-2
Change Component Footprint: Designator=U8 Old Footprint=TLE 5206-2 - no silkscreen New Footprint=TLE 5206-2
Added Component: Designator=MH1(MountHole4-40)
Added Component: Designator=MH2(MountHole4-40)
Added Component: Designator=MH3(MountHole4-40)
Added Component: Designator=MH4(MountHole4-40)
Added Member To Class: ClassName=Sheet1 Member=Component MH1 4-40
Added Member To Class: ClassName=Sheet1 Member=Component MH2 4-40
Added Member To Class: ClassName=Sheet1 Member=Component MH3 4-40
Added Member To Class: ClassName=Sheet1 Member=Component MH4 4-40
Added Room: Name=Sheet1
