Replace Part C1 Cap2 in C:\Users\Public\Documents\Altium\Projects\BeamActuatorDriverBoard_wc\Sheet1.SchDoc with Cap2 from Miscellaneous Devices.IntLib
Replace Part C2 Cap2 in C:\Users\Public\Documents\Altium\Projects\BeamActuatorDriverBoard_wc\Sheet1.SchDoc with Cap2 from Miscellaneous Devices.IntLib
Replace Part C3 Cap2 in C:\Users\Public\Documents\Altium\Projects\BeamActuatorDriverBoard_wc\Sheet1.SchDoc with Cap2 from Miscellaneous Devices.IntLib
Replace Part C4 Cap2 in C:\Users\Public\Documents\Altium\Projects\BeamActuatorDriverBoard_wc\Sheet1.SchDoc with Cap2 from Miscellaneous Devices.IntLib
Replace Part C5 Cap2 in C:\Users\Public\Documents\Altium\Projects\BeamActuatorDriverBoard_wc\Sheet1.SchDoc with Cap2 from Miscellaneous Devices.IntLib
Replace Part C6 Cap2 in C:\Users\Public\Documents\Altium\Projects\BeamActuatorDriverBoard_wc\Sheet1.SchDoc with Cap2 from Miscellaneous Devices.IntLib
Replace Part C7 Cap2 in C:\Users\Public\Documents\Altium\Projects\BeamActuatorDriverBoard_wc\Sheet1.SchDoc with Cap2 from Miscellaneous Devices.IntLib
Replace Part C8 Cap2 in C:\Users\Public\Documents\Altium\Projects\BeamActuatorDriverBoard_wc\Sheet1.SchDoc with Cap2 from Miscellaneous Devices.IntLib
Replace Part D1 LED1 in C:\Users\Public\Documents\Altium\Projects\BeamActuatorDriverBoard_wc\Sheet1.SchDoc with LED1 from H-bridge.SchLib
Replace Part D2 LED1 in C:\Users\Public\Documents\Altium\Projects\BeamActuatorDriverBoard_wc\Sheet1.SchDoc with LED1 from H-bridge.SchLib
Replace Part D3 LED1 in C:\Users\Public\Documents\Altium\Projects\BeamActuatorDriverBoard_wc\Sheet1.SchDoc with LED1 from H-bridge.SchLib
Replace Part D4 LED1 in C:\Users\Public\Documents\Altium\Projects\BeamActuatorDriverBoard_wc\Sheet1.SchDoc with LED1 from H-bridge.SchLib
Replace Part D5 LED1 in C:\Users\Public\Documents\Altium\Projects\BeamActuatorDriverBoard_wc\Sheet1.SchDoc with LED1 from H-bridge.SchLib
Replace Part D6 LED1 in C:\Users\Public\Documents\Altium\Projects\BeamActuatorDriverBoard_wc\Sheet1.SchDoc with LED1 from H-bridge.SchLib
Replace Part D7 LED1 in C:\Users\Public\Documents\Altium\Projects\BeamActuatorDriverBoard_wc\Sheet1.SchDoc with LED1 from H-bridge.SchLib
Replace Part D8 LED1 in C:\Users\Public\Documents\Altium\Projects\BeamActuatorDriverBoard_wc\Sheet1.SchDoc with LED1 from H-bridge.SchLib
Replace Part D9 LED1 in C:\Users\Public\Documents\Altium\Projects\BeamActuatorDriverBoard_wc\Sheet1.SchDoc with LED1 from H-bridge.SchLib
Replace Part D10 LED1 in C:\Users\Public\Documents\Altium\Projects\BeamActuatorDriverBoard_wc\Sheet1.SchDoc with LED1 from H-bridge.SchLib
Replace Part J1 Header 2 in C:\Users\Public\Documents\Altium\Projects\BeamActuatorDriverBoard_wc\Sheet1.SchDoc with Header 2 from Miscellaneous Connectors.IntLib
Replace Part J2 Header 2 in C:\Users\Public\Documents\Altium\Projects\BeamActuatorDriverBoard_wc\Sheet1.SchDoc with Header 2 from Miscellaneous Connectors.IntLib
Replace Part J3 Header 18X2 in C:\Users\Public\Documents\Altium\Projects\BeamActuatorDriverBoard_wc\Sheet1.SchDoc with Header 18X2 from Miscellaneous Connectors.IntLib
Replace Part J4 Header 8X2 in C:\Users\Public\Documents\Altium\Projects\BeamActuatorDriverBoard_wc\Sheet1.SchDoc with Header 8X2 from Miscellaneous Connectors.IntLib
Replace Part MH1 Mounting Hole 4-40 in C:\Users\Public\Documents\Altium\Projects\BeamActuatorDriverBoard_wc\Sheet1.SchDoc with Mounting Hole 4-40 from H-bridge.SchLib
Replace Part MH2 Mounting Hole 4-40 in C:\Users\Public\Documents\Altium\Projects\BeamActuatorDriverBoard_wc\Sheet1.SchDoc with Mounting Hole 4-40 from H-bridge.SchLib
Replace Part MH3 Mounting Hole 4-40 in C:\Users\Public\Documents\Altium\Projects\BeamActuatorDriverBoard_wc\Sheet1.SchDoc with Mounting Hole 4-40 from H-bridge.SchLib
Replace Part MH4 Mounting Hole 4-40 in C:\Users\Public\Documents\Altium\Projects\BeamActuatorDriverBoard_wc\Sheet1.SchDoc with Mounting Hole 4-40 from H-bridge.SchLib
Replace Part R1 Res1 in C:\Users\Public\Documents\Altium\Projects\BeamActuatorDriverBoard_wc\Sheet1.SchDoc with Res1 from H-bridge.SchLib
Replace Part R2 Res1 in C:\Users\Public\Documents\Altium\Projects\BeamActuatorDriverBoard_wc\Sheet1.SchDoc with Res1 from H-bridge.SchLib
Replace Part R3 Res1 in C:\Users\Public\Documents\Altium\Projects\BeamActuatorDriverBoard_wc\Sheet1.SchDoc with Res1 from H-bridge.SchLib
Replace Part R4 Res1 in C:\Users\Public\Documents\Altium\Projects\BeamActuatorDriverBoard_wc\Sheet1.SchDoc with Res1 from H-bridge.SchLib
Replace Part R5 Res1 in C:\Users\Public\Documents\Altium\Projects\BeamActuatorDriverBoard_wc\Sheet1.SchDoc with Res1 from H-bridge.SchLib
Replace Part R6 Res1 in C:\Users\Public\Documents\Altium\Projects\BeamActuatorDriverBoard_wc\Sheet1.SchDoc with Res1 from H-bridge.SchLib
Replace Part R7 Res1 in C:\Users\Public\Documents\Altium\Projects\BeamActuatorDriverBoard_wc\Sheet1.SchDoc with Res1 from H-bridge.SchLib
Replace Part R8 Res1 in C:\Users\Public\Documents\Altium\Projects\BeamActuatorDriverBoard_wc\Sheet1.SchDoc with Res1 from H-bridge.SchLib
Replace Part R9 Res1 in C:\Users\Public\Documents\Altium\Projects\BeamActuatorDriverBoard_wc\Sheet1.SchDoc with Res1 from H-bridge.SchLib
Replace Part R10 Res1 in C:\Users\Public\Documents\Altium\Projects\BeamActuatorDriverBoard_wc\Sheet1.SchDoc with Res1 from H-bridge.SchLib
Replace Part R11 Res1 in C:\Users\Public\Documents\Altium\Projects\BeamActuatorDriverBoard_wc\Sheet1.SchDoc with Res1 from H-bridge.SchLib
Replace Part R12 Res1 in C:\Users\Public\Documents\Altium\Projects\BeamActuatorDriverBoard_wc\Sheet1.SchDoc with Res1 from H-bridge.SchLib
Replace Part R13 Res1 in C:\Users\Public\Documents\Altium\Projects\BeamActuatorDriverBoard_wc\Sheet1.SchDoc with Res1 from H-bridge.SchLib
Replace Part R14 Res1 in C:\Users\Public\Documents\Altium\Projects\BeamActuatorDriverBoard_wc\Sheet1.SchDoc with Res1 from H-bridge.SchLib
Replace Part R15 Res1 in C:\Users\Public\Documents\Altium\Projects\BeamActuatorDriverBoard_wc\Sheet1.SchDoc with Res1 from H-bridge.SchLib
Replace Part R16 Res1 in C:\Users\Public\Documents\Altium\Projects\BeamActuatorDriverBoard_wc\Sheet1.SchDoc with Res1 from H-bridge.SchLib
Replace Part R17 Res1 in C:\Users\Public\Documents\Altium\Projects\BeamActuatorDriverBoard_wc\Sheet1.SchDoc with Res1 from H-bridge.SchLib
Replace Part R18 Res1 in C:\Users\Public\Documents\Altium\Projects\BeamActuatorDriverBoard_wc\Sheet1.SchDoc with Res1 from H-bridge.SchLib
Replace Part U1 TLE 5206-2S in C:\Users\Public\Documents\Altium\Projects\BeamActuatorDriverBoard_wc\Sheet1.SchDoc with TLE 5206-2S from H-bridge.SchLib
Replace Part U2 TLE 5206-2S in C:\Users\Public\Documents\Altium\Projects\BeamActuatorDriverBoard_wc\Sheet1.SchDoc with TLE 5206-2S from H-bridge.SchLib
Replace Part U3 TLE 5206-2S in C:\Users\Public\Documents\Altium\Projects\BeamActuatorDriverBoard_wc\Sheet1.SchDoc with TLE 5206-2S from H-bridge.SchLib
Replace Part U4 TLE 5206-2S in C:\Users\Public\Documents\Altium\Projects\BeamActuatorDriverBoard_wc\Sheet1.SchDoc with TLE 5206-2S from H-bridge.SchLib
Replace Part U5 TLE 5206-2S in C:\Users\Public\Documents\Altium\Projects\BeamActuatorDriverBoard_wc\Sheet1.SchDoc with TLE 5206-2S from H-bridge.SchLib
Replace Part U6 TLE 5206-2S in C:\Users\Public\Documents\Altium\Projects\BeamActuatorDriverBoard_wc\Sheet1.SchDoc with TLE 5206-2S from H-bridge.SchLib
Replace Part U7 TLE 5206-2S in C:\Users\Public\Documents\Altium\Projects\BeamActuatorDriverBoard_wc\Sheet1.SchDoc with TLE 5206-2S from H-bridge.SchLib
Replace Part U8 TLE 5206-2S in C:\Users\Public\Documents\Altium\Projects\BeamActuatorDriverBoard_wc\Sheet1.SchDoc with TLE 5206-2S from H-bridge.SchLib
