Change Physical Footprint: Designator=C1 Old Footprint=CAPR5-4X5 New Footprint=CAPR5-4X5
Change Physical Footprint: Designator=C2 Old Footprint=CAPR5-4X5 New Footprint=CAPR5-4X5
Change Physical Footprint: Designator=C3 Old Footprint=CAPR5-4X5 New Footprint=CAPR5-4X5
Change Physical Footprint: Designator=C4 Old Footprint=CAPR5-4X5 New Footprint=CAPR5-4X5
Change Physical Footprint: Designator=C5 Old Footprint=CAPR5-4X5 New Footprint=CAPR5-4X5
Change Physical Footprint: Designator=C6 Old Footprint=CAPR5-4X5 New Footprint=CAPR5-4X5
Change Physical Footprint: Designator=C7 Old Footprint=CAPR5-4X5 New Footprint=CAPR5-4X5
Change Physical Footprint: Designator=C8 Old Footprint=CAPR5-4X5 New Footprint=CAPR5-4X5
Change Physical Footprint: Designator=D1 Old Footprint=LED-1 New Footprint=LED-1
Change Physical Footprint: Designator=D2 Old Footprint=LED-1 New Footprint=LED-1
Change Physical Footprint: Designator=D3 Old Footprint=LED-1 New Footprint=LED-1
Change Physical Footprint: Designator=D4 Old Footprint=LED-1 New Footprint=LED-1
Change Physical Footprint: Designator=D5 Old Footprint=LED-1 New Footprint=LED-1
Change Physical Footprint: Designator=D6 Old Footprint=LED-1 New Footprint=LED-1
Change Physical Footprint: Designator=D7 Old Footprint=LED-1 New Footprint=LED-1
Change Physical Footprint: Designator=D8 Old Footprint=LED-1 New Footprint=LED-1
Change Physical Footprint: Designator=D9 Old Footprint=LED-1 New Footprint=LED-1
Change Physical Footprint: Designator=D10 Old Footprint=LED-1 New Footprint=LED-1
Change Physical Footprint: Designator=J1 Old Footprint=HDR1X2 New Footprint=HDR1X2
Change Physical Footprint: Designator=J2 Old Footprint=HDR1X2 New Footprint=HDR1X2
Change Physical Footprint: Designator=J3 Old Footprint=HDR2X18 New Footprint=HDR2X18
Change Physical Footprint: Designator=J4 Old Footprint=HDR2X8 New Footprint=HDR2X8
Change Physical Footprint: Designator=R9 Old Footprint=AXIAL-0.3 New Footprint=AXIAL-0.3
Change Physical Footprint: Designator=R18 Old Footprint=AXIAL-0.3 New Footprint=AXIAL-0.3
Change Physical Footprint: Designator=U1 Old Footprint=TLE 5206-2 New Footprint=TLE 5206-2
Change Physical Footprint: Designator=U2 Old Footprint=TLE 5206-2 New Footprint=TLE 5206-2
Change Physical Footprint: Designator=U3 Old Footprint=TLE 5206-2 New Footprint=TLE 5206-2
Change Physical Footprint: Designator=U4 Old Footprint=TLE 5206-2 New Footprint=TLE 5206-2
Change Physical Footprint: Designator=U5 Old Footprint=TLE 5206-2 New Footprint=TLE 5206-2
Change Physical Footprint: Designator=U6 Old Footprint=TLE 5206-2 New Footprint=TLE 5206-2
Change Physical Footprint: Designator=U7 Old Footprint=TLE 5206-2 New Footprint=TLE 5206-2
Change Physical Footprint: Designator=U8 Old Footprint=TLE 5206-2 New Footprint=TLE 5206-2
