Removed Pin From Net: NetName=H1_IN2 Pin=J1-2
Removed Pin From Net: NetName=H2_IN1 Pin=J1-3
Removed Pin From Net: NetName=H2_IN2 Pin=J1-4
Removed Pin From Net: NetName=H3_IN1 Pin=J1-5
Removed Pin From Net: NetName=H3_IN2 Pin=J1-6
Removed Pin From Net: NetName=H4_IN1 Pin=J1-7
Removed Pin From Net: NetName=H4_IN2 Pin=J1-8
Removed Pin From Net: NetName=H5_IN1 Pin=J1-9
Removed Pin From Net: NetName=H5_IN2 Pin=J1-10
Removed Pin From Net: NetName=H6_IN1 Pin=J1-11
Removed Pin From Net: NetName=H6_IN2 Pin=J1-12
Removed Pin From Net: NetName=H7_IN1 Pin=J1-13
Removed Pin From Net: NetName=H7_IN2 Pin=J1-14
Removed Pin From Net: NetName=H8_IN1 Pin=J1-15
Removed Pin From Net: NetName=H8_IN2 Pin=J1-16
Removed Pin From Net: NetName=H1_EF Pin=J1-17
Removed Pin From Net: NetName=H2_EF Pin=J1-18
Removed Pin From Net: NetName=H3_EF Pin=J1-19
Removed Pin From Net: NetName=H4_EF Pin=J1-20
Removed Pin From Net: NetName=H5_EF Pin=J1-21
Removed Pin From Net: NetName=H6_EF Pin=J1-22
Removed Pin From Net: NetName=H7_EF Pin=J1-23
Removed Pin From Net: NetName=H1_OUT2 Pin=J2-2
Removed Pin From Net: NetName=H2_OUT1 Pin=J2-3
Removed Pin From Net: NetName=H2_OUT2 Pin=J2-4
Removed Pin From Net: NetName=H3_OUT1 Pin=J2-5
Removed Pin From Net: NetName=H3_OUT2 Pin=J2-6
Removed Pin From Net: NetName=H4_OUT1 Pin=J2-7
Removed Pin From Net: NetName=H4_OUT2 Pin=J2-8
Removed Pin From Net: NetName=H5_OUT1 Pin=J2-9
Removed Pin From Net: NetName=H5_OUT2 Pin=J2-10
Removed Pin From Net: NetName=H6_OUT1 Pin=J2-11
Removed Pin From Net: NetName=H6_OUT2 Pin=J2-12
Removed Pin From Net: NetName=H7_OUT1 Pin=J2-13
Removed Pin From Net: NetName=H7_OUT2 Pin=J2-14
Removed Pin From Net: NetName=H8_OUT1 Pin=J2-15
Change Component Library : Designator=D1 Old Library=Miscellaneous Devices.IntLib New Library=H-bridge.SchLib
Change Component Library : Designator=D2 Old Library=Miscellaneous Devices.IntLib New Library=H-bridge.SchLib
Change Component Library : Designator=D3 Old Library=Miscellaneous Devices.IntLib New Library=H-bridge.SchLib
Change Component Library : Designator=D4 Old Library=Miscellaneous Devices.IntLib New Library=H-bridge.SchLib
Change Component Library : Designator=D5 Old Library=Miscellaneous Devices.IntLib New Library=H-bridge.SchLib
Change Component Library : Designator=D6 Old Library=Miscellaneous Devices.IntLib New Library=H-bridge.SchLib
Change Component Library : Designator=D7 Old Library=Miscellaneous Devices.IntLib New Library=H-bridge.SchLib
Change Component Library : Designator=D8 Old Library=Miscellaneous Devices.IntLib New Library=H-bridge.SchLib
Change Component Library : Designator=D9 Old Library=Miscellaneous Devices.IntLib New Library=H-bridge.SchLib
Change Component Library : Designator=D10 Old Library=Miscellaneous Devices.IntLib New Library=H-bridge.SchLib
Added Pin To Net: NetName=H5_IN1 Pin=J1-2
Added Pin To Net: NetName=H1_IN2 Pin=J1-3
Added Pin To Net: NetName=H5_IN2 Pin=J1-4
Added Pin To Net: NetName=H1_EF Pin=J1-5
Added Pin To Net: NetName=H5_EF Pin=J1-6
Added Pin To Net: NetName=H2_IN1 Pin=J1-7
Added Pin To Net: NetName=H6_IN1 Pin=J1-8
Added Pin To Net: NetName=H2_IN2 Pin=J1-9
Added Pin To Net: NetName=H6_IN2 Pin=J1-10
Added Pin To Net: NetName=H2_EF Pin=J1-11
Added Pin To Net: NetName=H6_EF Pin=J1-12
Added Pin To Net: NetName=H3_IN1 Pin=J1-13
Added Pin To Net: NetName=H7_IN1 Pin=J1-14
Added Pin To Net: NetName=H3_IN2 Pin=J1-15
Added Pin To Net: NetName=H7_IN2 Pin=J1-16
Added Pin To Net: NetName=H3_EF Pin=J1-17
Added Pin To Net: NetName=H7_EF Pin=J1-18
Added Pin To Net: NetName=H4_IN1 Pin=J1-19
Added Pin To Net: NetName=H8_IN1 Pin=J1-20
Added Pin To Net: NetName=H4_IN2 Pin=J1-21
Added Pin To Net: NetName=H8_IN2 Pin=J1-22
Added Pin To Net: NetName=H4_EF Pin=J1-23
Added Pin To Net: NetName=H5_OUT1 Pin=J2-2
Added Pin To Net: NetName=H1_OUT2 Pin=J2-3
Added Pin To Net: NetName=H5_OUT2 Pin=J2-4
Added Pin To Net: NetName=H2_OUT1 Pin=J2-5
Added Pin To Net: NetName=H6_OUT1 Pin=J2-6
Added Pin To Net: NetName=H2_OUT2 Pin=J2-7
Added Pin To Net: NetName=H6_OUT2 Pin=J2-8
Added Pin To Net: NetName=H3_OUT1 Pin=J2-9
Added Pin To Net: NetName=H7_OUT1 Pin=J2-10
Added Pin To Net: NetName=H3_OUT2 Pin=J2-11
Added Pin To Net: NetName=H7_OUT2 Pin=J2-12
Added Pin To Net: NetName=H4_OUT1 Pin=J2-13
Added Pin To Net: NetName=H8_OUT1 Pin=J2-14
Added Pin To Net: NetName=H4_OUT2 Pin=J2-15
Added Room: Name=Sheet1
