Added Member To Class: ClassName=Sheet1 Member=Component C1 Cap1
Added Member To Class: ClassName=Sheet1 Member=Component C2 Cap1
Added Member To Class: ClassName=Sheet1 Member=Component C3 Cap2
Added Member To Class: ClassName=Sheet1 Member=Component C4 Cap2
Added Member To Class: ClassName=Sheet1 Member=Component C5 Cap2
Added Member To Class: ClassName=Sheet1 Member=Component C6 Cap2
Added Member To Class: ClassName=Sheet1 Member=Component C7 Cap1
Added Member To Class: ClassName=Sheet1 Member=Component C8 Cap1
Added Member To Class: ClassName=Sheet1 Member=Component D1 GREEN LED
Added Member To Class: ClassName=Sheet1 Member=Component D2 RED LED
Added Member To Class: ClassName=Sheet1 Member=Component D3 RED LED
Added Member To Class: ClassName=Sheet1 Member=Component D4 RED LED
Added Member To Class: ClassName=Sheet1 Member=Component D5 RED LED
Added Member To Class: ClassName=Sheet1 Member=Component D6 RED LED
Added Member To Class: ClassName=Sheet1 Member=Component D7 RED LED
Added Member To Class: ClassName=Sheet1 Member=Component D8 RED LED
Added Member To Class: ClassName=Sheet1 Member=Component D9 RED LED
Added Member To Class: ClassName=Sheet1 Member=Component D10 GREEN LED
Added Member To Class: ClassName=Sheet1 Member=Component J1 3.3V PS
Added Member To Class: ClassName=Sheet1 Member=Component J2 12V PS
Added Member To Class: ClassName=Sheet1 Member=Component R1 Res2
Added Member To Class: ClassName=Sheet1 Member=Component R3 Res2
Added Member To Class: ClassName=Sheet1 Member=Component R4 Res2
Added Member To Class: ClassName=Sheet1 Member=Component R5 Res2
Added Member To Class: ClassName=Sheet1 Member=Component R6 Res2
Added Member To Class: ClassName=Sheet1 Member=Component R7 Res2
Added Member To Class: ClassName=Sheet1 Member=Component R8 Res2
Added Member To Class: ClassName=Sheet1 Member=Component R9 Res2
Added Member To Class: ClassName=Sheet1 Member=Component R10 Res1
Added Member To Class: ClassName=Sheet1 Member=Component R11 Res1
Added Member To Class: ClassName=Sheet1 Member=Component R12 Res1
Added Member To Class: ClassName=Sheet1 Member=Component R13 Res1
Added Member To Class: ClassName=Sheet1 Member=Component R14 Res1
Added Member To Class: ClassName=Sheet1 Member=Component R15 Res1
Added Member To Class: ClassName=Sheet1 Member=Component R16 Res1
Added Member To Class: ClassName=Sheet1 Member=Component R17 Res1
Added Member To Class: ClassName=Sheet1 Member=Component R18 Res3
Added Member To Class: ClassName=Sheet1 Member=Component U1 TLE 5206-2S
Added Member To Class: ClassName=Sheet1 Member=Component U2 TLE 5206-2S
Added Member To Class: ClassName=Sheet1 Member=Component U3 TLE 5206-2S
Added Member To Class: ClassName=Sheet1 Member=Component U4 TLE 5206-2S
Added Member To Class: ClassName=Sheet1 Member=Component U5 TLE 5206-2S
Added Member To Class: ClassName=Sheet1 Member=Component U6 TLE 5206-2S
Added Member To Class: ClassName=Sheet1 Member=Component U7 TLE 5206-2S
Added Member To Class: ClassName=Sheet1 Member=Component U8 TLE 5206-2S
Added Room: Name=Sheet1
