Added Component: Designator=C1(CAPR5-4X5)
Added Component: Designator=C2(CAPR5-4X5)
Added Component: Designator=C3(CAPR5-4X5)
Added Component: Designator=C4(CAPR5-4X5)
Added Component: Designator=D1(3.2X1.6X1.1)
Added Component: Designator=D2(LED-1)
Added Component: Designator=D3(LED-1)
Added Component: Designator=D4(LED-1)
Added Component: Designator=D5(LED-1)
Added Component: Designator=D6(LED-1)
Added Component: Designator=D7(LED-1)
Added Component: Designator=D8(LED-1)
Added Component: Designator=D9(LED-1)
Added Component: Designator=D10(3.2X1.6X1.1)
Added Component: Designator=P1(HDR2X18)
Added Component: Designator=P2(HDR2X8)
Added Component: Designator=R1(AXIAL-0.3)
Added Component: Designator=R2(AXIAL-0.3)
Added Component: Designator=R3(AXIAL-0.3)
Added Component: Designator=R4(AXIAL-0.3)
Added Component: Designator=R5(AXIAL-0.3)
Added Component: Designator=R6(AXIAL-0.3)
Added Component: Designator=R7(AXIAL-0.3)
Added Component: Designator=R8(AXIAL-0.3)
Added Component: Designator=R9(AXIAL-0.3)
Added Component: Designator=R10(AXIAL-0.3)
Added Component: Designator=R11(AXIAL-0.3)
Added Component: Designator=R12(AXIAL-0.3)
Added Component: Designator=R13(AXIAL-0.3)
Added Component: Designator=R14(AXIAL-0.3)
Added Component: Designator=R15(AXIAL-0.3)
Added Component: Designator=R16(AXIAL-0.3)
Added Component: Designator=R17(AXIAL-0.3)
Added Component: Designator=R18(AXIAL-0.3)
Added Component: Designator=U1(TLE-5206-2S IC)
Added Component: Designator=U2(TLE-5206-2S IC)
Added Component: Designator=U3(TLE-5206-2S IC)
Added Component: Designator=U4(TLE-5206-2S IC)
Added Component: Designator=U5(TLE-5206-2S IC)
Added Component: Designator=U6(TLE-5206-2S IC)
Added Component: Designator=U7(TLE-5206-2S IC)
Added Component: Designator=U8(TLE-5206-2S IC)
Added Pin To Net: NetName=GND Pin=C1-2
Added Pin To Net: NetName=GND Pin=C2-2
Added Pin To Net: NetName=GND Pin=C3-2
Added Pin To Net: NetName=GND Pin=C4-2
Added Pin To Net: NetName=GND Pin=D1-2
Added Pin To Net: NetName=GND Pin=D10-2
Added Pin To Net: NetName=GND Pin=U1-4
Added Pin To Net: NetName=GND Pin=U2-4
Added Pin To Net: NetName=GND Pin=U3-4
Added Pin To Net: NetName=GND Pin=U4-4
Added Pin To Net: NetName=GND Pin=U5-4
Added Pin To Net: NetName=GND Pin=U6-4
Added Pin To Net: NetName=GND Pin=U7-4
Added Pin To Net: NetName=GND Pin=U8-4
Added Net: Name=GND
Added Pin To Net: NetName=H1_EF Pin=D2-2
Added Pin To Net: NetName=H1_EF Pin=P1-17
Added Pin To Net: NetName=H1_EF Pin=R10-1
Added Pin To Net: NetName=H1_EF Pin=U1-2
Added Net: Name=H1_EF
Added Pin To Net: NetName=H1_IN1 Pin=P1-1
Added Pin To Net: NetName=H1_IN1 Pin=U1-3
Added Net: Name=H1_IN1
Added Pin To Net: NetName=H1_IN2 Pin=P1-2
Added Pin To Net: NetName=H1_IN2 Pin=U1-5
Added Net: Name=H1_IN2
Added Pin To Net: NetName=H1_OUT1 Pin=P2-1
Added Pin To Net: NetName=H1_OUT1 Pin=U1-1
Added Net: Name=H1_OUT1
Added Pin To Net: NetName=H1_OUT2 Pin=P2-2
Added Pin To Net: NetName=H1_OUT2 Pin=U1-7
Added Net: Name=H1_OUT2
Added Pin To Net: NetName=H2_EF Pin=D4-2
Added Pin To Net: NetName=H2_EF Pin=P1-18
Added Pin To Net: NetName=H2_EF Pin=R13-1
Added Pin To Net: NetName=H2_EF Pin=U2-2
Added Net: Name=H2_EF
Added Pin To Net: NetName=H2_IN1 Pin=P1-3
Added Pin To Net: NetName=H2_IN1 Pin=U2-3
Added Net: Name=H2_IN1
Added Pin To Net: NetName=H2_IN2 Pin=P1-4
Added Pin To Net: NetName=H2_IN2 Pin=U2-5
Added Net: Name=H2_IN2
Added Pin To Net: NetName=H2_OUT1 Pin=P2-3
Added Pin To Net: NetName=H2_OUT1 Pin=U2-1
Added Net: Name=H2_OUT1
Added Pin To Net: NetName=H2_OUT2 Pin=P2-4
Added Pin To Net: NetName=H2_OUT2 Pin=U2-7
Added Net: Name=H2_OUT2
Added Pin To Net: NetName=H3_EF Pin=D5-2
Added Pin To Net: NetName=H3_EF Pin=P1-19
Added Pin To Net: NetName=H3_EF Pin=R17-1
Added Pin To Net: NetName=H3_EF Pin=U3-2
Added Net: Name=H3_EF
Added Pin To Net: NetName=H3_IN1 Pin=P1-5
Added Pin To Net: NetName=H3_IN1 Pin=U3-3
Added Net: Name=H3_IN1
Added Pin To Net: NetName=H3_IN2 Pin=P1-6
Added Pin To Net: NetName=H3_IN2 Pin=U3-5
Added Net: Name=H3_IN2
Added Pin To Net: NetName=H3_OUT1 Pin=P2-5
Added Pin To Net: NetName=H3_OUT1 Pin=U3-1
Added Net: Name=H3_OUT1
Added Pin To Net: NetName=H3_OUT2 Pin=P2-6
Added Pin To Net: NetName=H3_OUT2 Pin=U3-7
Added Net: Name=H3_OUT2
Added Pin To Net: NetName=H4_EF Pin=D7-2
Added Pin To Net: NetName=H4_EF Pin=P1-20
Added Pin To Net: NetName=H4_EF Pin=R11-1
Added Pin To Net: NetName=H4_EF Pin=U4-2
Added Net: Name=H4_EF
Added Pin To Net: NetName=H4_IN1 Pin=P1-7
Added Pin To Net: NetName=H4_IN1 Pin=U4-3
Added Net: Name=H4_IN1
Added Pin To Net: NetName=H4_IN2 Pin=P1-8
Added Pin To Net: NetName=H4_IN2 Pin=U4-5
Added Net: Name=H4_IN2
Added Pin To Net: NetName=H4_OUT1 Pin=P2-7
Added Pin To Net: NetName=H4_OUT1 Pin=U4-1
Added Net: Name=H4_OUT1
Added Pin To Net: NetName=H4_OUT2 Pin=P2-8
Added Pin To Net: NetName=H4_OUT2 Pin=U4-7
Added Net: Name=H4_OUT2
Added Pin To Net: NetName=H5_EF Pin=D8-2
Added Pin To Net: NetName=H5_EF Pin=P1-21
Added Pin To Net: NetName=H5_EF Pin=R15-1
Added Pin To Net: NetName=H5_EF Pin=U5-2
Added Net: Name=H5_EF
Added Pin To Net: NetName=H5_IN1 Pin=P1-9
Added Pin To Net: NetName=H5_IN1 Pin=U5-3
Added Net: Name=H5_IN1
Added Pin To Net: NetName=H5_IN2 Pin=P1-10
Added Pin To Net: NetName=H5_IN2 Pin=U5-5
Added Net: Name=H5_IN2
Added Pin To Net: NetName=H5_OUT1 Pin=P2-9
Added Pin To Net: NetName=H5_OUT1 Pin=U5-1
Added Net: Name=H5_OUT1
Added Pin To Net: NetName=H5_OUT2 Pin=P2-10
Added Pin To Net: NetName=H5_OUT2 Pin=U5-7
Added Net: Name=H5_OUT2
Added Pin To Net: NetName=H6_EF Pin=D6-2
Added Pin To Net: NetName=H6_EF Pin=P1-22
Added Pin To Net: NetName=H6_EF Pin=R16-1
Added Pin To Net: NetName=H6_EF Pin=U6-2
Added Net: Name=H6_EF
Added Pin To Net: NetName=H6_IN1 Pin=P1-11
Added Pin To Net: NetName=H6_IN1 Pin=U6-3
Added Net: Name=H6_IN1
Added Pin To Net: NetName=H6_IN2 Pin=P1-12
Added Pin To Net: NetName=H6_IN2 Pin=U6-5
Added Net: Name=H6_IN2
Added Pin To Net: NetName=H6_OUT1 Pin=P2-11
Added Pin To Net: NetName=H6_OUT1 Pin=U6-1
Added Net: Name=H6_OUT1
Added Pin To Net: NetName=H6_OUT2 Pin=P2-12
Added Pin To Net: NetName=H6_OUT2 Pin=U6-7
Added Net: Name=H6_OUT2
Added Pin To Net: NetName=H7_EF Pin=D3-2
Added Pin To Net: NetName=H7_EF Pin=P1-23
Added Pin To Net: NetName=H7_EF Pin=R12-1
Added Pin To Net: NetName=H7_EF Pin=U7-2
Added Net: Name=H7_EF
Added Pin To Net: NetName=H7_IN1 Pin=P1-13
Added Pin To Net: NetName=H7_IN1 Pin=U7-3
Added Net: Name=H7_IN1
Added Pin To Net: NetName=H7_IN2 Pin=P1-14
Added Pin To Net: NetName=H7_IN2 Pin=U7-5
Added Net: Name=H7_IN2
Added Pin To Net: NetName=H7_OUT1 Pin=P2-13
Added Pin To Net: NetName=H7_OUT1 Pin=U7-1
Added Net: Name=H7_OUT1
Added Pin To Net: NetName=H7_OUT2 Pin=P2-14
Added Pin To Net: NetName=H7_OUT2 Pin=U7-7
Added Net: Name=H7_OUT2
Added Pin To Net: NetName=H8_EF Pin=D9-2
Added Pin To Net: NetName=H8_EF Pin=P1-24
Added Pin To Net: NetName=H8_EF Pin=R14-1
Added Pin To Net: NetName=H8_EF Pin=U8-2
Added Net: Name=H8_EF
Added Pin To Net: NetName=H8_IN1 Pin=P1-15
Added Pin To Net: NetName=H8_IN1 Pin=U8-3
Added Net: Name=H8_IN1
Added Pin To Net: NetName=H8_IN2 Pin=P1-16
Added Pin To Net: NetName=H8_IN2 Pin=U8-5
Added Net: Name=H8_IN2
Added Pin To Net: NetName=H8_OUT1 Pin=P2-15
Added Pin To Net: NetName=H8_OUT1 Pin=U8-1
Added Net: Name=H8_OUT1
Added Pin To Net: NetName=H8_OUT2 Pin=P2-16
Added Pin To Net: NetName=H8_OUT2 Pin=U8-7
Added Net: Name=H8_OUT2
Added Pin To Net: NetName=NetD1_1 Pin=D1-1
Added Pin To Net: NetName=NetD1_1 Pin=R9-1
Added Net: Name=NetD1_1
Added Pin To Net: NetName=NetD2_1 Pin=D2-1
Added Pin To Net: NetName=NetD2_1 Pin=R1-1
Added Net: Name=NetD2_1
Added Pin To Net: NetName=NetD3_1 Pin=D3-1
Added Pin To Net: NetName=NetD3_1 Pin=R7-1
Added Net: Name=NetD3_1
Added Pin To Net: NetName=NetD4_1 Pin=D4-1
Added Pin To Net: NetName=NetD4_1 Pin=R2-1
Added Net: Name=NetD4_1
Added Pin To Net: NetName=NetD5_1 Pin=D5-1
Added Pin To Net: NetName=NetD5_1 Pin=R3-1
Added Net: Name=NetD5_1
Added Pin To Net: NetName=NetD6_1 Pin=D6-1
Added Pin To Net: NetName=NetD6_1 Pin=R6-1
Added Net: Name=NetD6_1
Added Pin To Net: NetName=NetD7_1 Pin=D7-1
Added Pin To Net: NetName=NetD7_1 Pin=R4-1
Added Net: Name=NetD7_1
Added Pin To Net: NetName=NetD8_1 Pin=D8-1
Added Pin To Net: NetName=NetD8_1 Pin=R5-1
Added Net: Name=NetD8_1
Added Pin To Net: NetName=NetD9_1 Pin=D9-1
Added Pin To Net: NetName=NetD9_1 Pin=R8-1
Added Net: Name=NetD9_1
Added Pin To Net: NetName=VCC 3.3V Pin=R1-2
Added Pin To Net: NetName=VCC 3.3V Pin=R2-2
Added Pin To Net: NetName=VCC 3.3V Pin=R3-2
Added Pin To Net: NetName=VCC 3.3V Pin=R4-2
Added Pin To Net: NetName=VCC 3.3V Pin=R5-2
Added Pin To Net: NetName=VCC 3.3V Pin=R6-2
Added Pin To Net: NetName=VCC 3.3V Pin=R7-2
Added Pin To Net: NetName=VCC 3.3V Pin=R8-2
Added Pin To Net: NetName=VCC 3.3V Pin=R9-2
Added Pin To Net: NetName=VCC 3.3V Pin=R10-2
Added Pin To Net: NetName=VCC 3.3V Pin=R11-2
Added Pin To Net: NetName=VCC 3.3V Pin=R12-2
Added Pin To Net: NetName=VCC 3.3V Pin=R13-2
Added Pin To Net: NetName=VCC 3.3V Pin=R14-2
Added Pin To Net: NetName=VCC 3.3V Pin=R15-2
Added Pin To Net: NetName=VCC 3.3V Pin=R16-2
Added Pin To Net: NetName=VCC 3.3V Pin=R17-2
Added Net: Name=VCC 3.3V
Added Pin To Net: NetName=VCC 12V Pin=C1-1
Added Pin To Net: NetName=VCC 12V Pin=C2-1
Added Pin To Net: NetName=VCC 12V Pin=C3-1
Added Pin To Net: NetName=VCC 12V Pin=C4-1
Added Pin To Net: NetName=VCC 12V Pin=R18-2
Added Pin To Net: NetName=VCC 12V Pin=U1-6
Added Pin To Net: NetName=VCC 12V Pin=U2-6
Added Pin To Net: NetName=VCC 12V Pin=U3-6
Added Pin To Net: NetName=VCC 12V Pin=U4-6
Added Pin To Net: NetName=VCC 12V Pin=U5-6
Added Pin To Net: NetName=VCC 12V Pin=U6-6
Added Pin To Net: NetName=VCC 12V Pin=U7-6
Added Pin To Net: NetName=VCC 12V Pin=U8-6
Added Net: Name=VCC 12V
Added Class: Name=Sheet1
Added Room: Name=Sheet1
