Removed Member From Class: ClassName=Sheet1 Member=D4
Change Component Designator: OldDesignator=D1 NewDesignator=D9
Change Component Designator: OldDesignator=D2 NewDesignator=D1
Change Component Designator: OldDesignator=D3 NewDesignator=D7
Change Component Designator: OldDesignator=D4 NewDesignator=D2
Change Component Designator: OldDesignator=D5 NewDesignator=D3
Change Component Designator: OldDesignator=D7 NewDesignator=R_D4
Change Component Designator: OldDesignator=D8 NewDesignator=D5
Change Component Designator: OldDesignator=D9 NewDesignator=D8
Change Component Designator: OldDesignator=R9 NewDesignator=R17
Change Component Designator: OldDesignator=R10 NewDesignator=R9
Change Component Designator: OldDesignator=R11 NewDesignator=R12
Change Component Designator: OldDesignator=R12 NewDesignator=R15
Change Component Designator: OldDesignator=R13 NewDesignator=R10
Change Component Designator: OldDesignator=R14 NewDesignator=R16
Change Component Designator: OldDesignator=R15 NewDesignator=R13
Change Component Designator: OldDesignator=R16 NewDesignator=R14
Change Component Designator: OldDesignator=R17 NewDesignator=R11
Change Net Name : Old Net Name=NetD1_1 New Net Name=NetD9_1
Change Net Name : Old Net Name=NetD2_1 New Net Name=NetD1_1
Change Net Name : Old Net Name=NetD3_1 New Net Name=NetD7_1
Change Net Name : Old Net Name=NetD4_1 New Net Name=NetD2_1
Change Net Name : Old Net Name=NetD5_1 New Net Name=NetD3_1
Change Net Name : Old Net Name=NetD7_1 New Net Name=NetR4_1
Change Net Name : Old Net Name=NetD8_1 New Net Name=NetD5_1
Change Net Name : Old Net Name=NetD9_1 New Net Name=NetD8_1
Added Member To Class: ClassName=Sheet1 Member=Component R_D4 RED LED
